[0913/114359:ERROR:process_reader_win.cc(233)] ReadMemory at 0x761d4f4c of 37 bytes failed: 仅完成部分的 ReadProcessMemory 或 WriteProcessMemory 请求。 (0x12B)
[0913/114359:WARNING:pe_image_reader.cc(155)] could not read debug directory from C:\WINDOWS\SYSTEM32\powrprof.dll
[0913/114359:ERROR:process_reader_win.cc(233)] ReadMemory at 0x77010000 of 64 bytes failed: 仅完成部分的 ReadProcessMemory 或 WriteProcessMemory 请求。 (0x12B)
[0913/114359:WARNING:pe_image_reader.cc(281)] could not read dos header from C:\WINDOWS\SYSTEM32\windows.storage.dll
[0913/114359:ERROR:process_reader_win.cc(233)] ReadMemory at 0x74dd0000 of 64 bytes failed: 仅完成部分的 ReadProcessMemory 或 WriteProcessMemory 请求。 (0x12B)
[0913/114359:WARNING:pe_image_reader.cc(281)] could not read dos header from C:\WINDOWS\SYSTEM32\SHELL32.dll
[0913/114359:ERROR:process_reader_win.cc(233)] ReadMemory at 0x76f50000 of 64 bytes failed: 仅完成部分的 ReadProcessMemory 或 WriteProcessMemory 请求。 (0x12B)
[0913/114359:WARNING:pe_image_reader.cc(281)] could not read dos header from C:\WINDOWS\SYSTEM32\PSAPI.DLL
[0913/114359:ERROR:process_reader_win.cc(233)] ReadMemory at 0x73990000 of 64 bytes failed: 仅完成部分的 ReadProcessMemory 或 WriteProcessMemory 请求。 (0x12B)
[0913/114359:WARNING:pe_image_reader.cc(281)] could not read dos header from C:\WINDOWS\SYSTEM32\bcrypt.dll
[0913/114359:ERROR:process_reader_win.cc(233)] ReadMemory at 0x6f4a0000 of 64 bytes failed: 仅完成部分的 ReadProcessMemory 或 WriteProcessMemory 请求。 (0x12B)
[0913/114359:WARNING:pe_image_reader.cc(281)] could not read dos header from C:\WINDOWS\SYSTEM32\WINSPOOL.DRV
[0913/114359:ERROR:process_reader_win.cc(233)] ReadMemory at 0x72f30000 of 64 bytes failed: 仅完成部分的 ReadProcessMemory 或 WriteProcessMemory 请求。 (0x12B)
[0913/114359:WARNING:pe_image_reader.cc(281)] could not read dos header from C:\WINDOWS\WinSxS\x86_microsoft.windows.common-controls_6595b64144ccf1df_6.0.10586.494_none_ea85e725b9ba5a4b\COMCTL32.dll
[0913/114359:ERROR:process_reader_win.cc(233)] ReadMemory at 0x764a0000 of 64 bytes failed: 仅完成部分的 ReadProcessMemory 或 WriteProcessMemory 请求。 (0x12B)
[0913/114359:WARNING:pe_image_reader.cc(281)] could not read dos header from C:\WINDOWS\SYSTEM32\FirewallAPI.dll
[0913/114359:ERROR:process_reader_win.cc(233)] ReadMemory at 0x73960000 of 64 bytes failed: 仅完成部分的 ReadProcessMemory 或 WriteProcessMemory 请求。 (0x12B)
[0913/114359:WARNING:pe_image_reader.cc(281)] could not read dos header from C:\WINDOWS\SYSTEM32\fwbase.dll
[0913/114359:ERROR:process_reader_win.cc(233)] ReadMemory at 0x77af0000 of 64 bytes failed: 仅完成部分的 ReadProcessMemory 或 WriteProcessMemory 请求。 (0x12B)
[0913/114359:WARNING:pe_image_reader.cc(281)] could not read dos header from C:\WINDOWS\SYSTEM32\NETAPI32.dll
[0913/114359:ERROR:process_reader_win.cc(233)] ReadMemory at 0x73a00000 of 64 bytes failed: 仅完成部分的 ReadProcessMemory 或 WriteProcessMemory 请求。 (0x12B)
[0913/114359:WARNING:pe_image_reader.cc(281)] could not read dos header from C:\WINDOWS\SYSTEM32\DAVHLPR.DLL
[0913/114359:ERROR:process_reader_win.cc(233)] ReadMemory at 0x74bd0000 of 64 bytes failed: 仅完成部分的 ReadProcessMemory 或 WriteProcessMemory 请求。 (0x12B)
[0913/114359:WARNING:pe_image_reader.cc(281)] could not read dos header from C:\WINDOWS\SYSTEM32\COMDLG32.dll
[0913/114359:ERROR:process_reader_win.cc(233)] ReadMemory at 0x76e60000 of 64 bytes failed: 仅完成部分的 ReadProcessMemory 或 WriteProcessMemory 请求。 (0x12B)
[0913/114359:WARNING:pe_image_reader.cc(281)] could not read dos header from C:\WINDOWS\SYSTEM32\ole32.dll
[0913/114359:ERROR:process_reader_win.cc(233)] ReadMemory at 0x76c90000 of 64 bytes failed: 仅完成部分的 ReadProcessMemory 或 WriteProcessMemory 请求。 (0x12B)
[0913/114359:WARNING:pe_image_reader.cc(281)] could not read dos header from C:\WINDOWS\SYSTEM32\OLEAUT32.dll
[0913/114359:ERROR:process_reader_win.cc(233)] ReadMemory at 0x73f30000 of 64 bytes failed: 仅完成部分的 ReadProcessMemory 或 WriteProcessMemory 请求。 (0x12B)
[0913/114359:WARNING:pe_image_reader.cc(281)] could not read dos header from C:\WINDOWS\SYSTEM32\IPHLPAPI.DLL
[0913/114359:ERROR:process_reader_win.cc(233)] ReadMemory at 0x76270000 of 64 bytes failed: 仅完成部分的 ReadProcessMemory 或 WriteProcessMemory 请求。 (0x12B)
[0913/114359:WARNING:pe_image_reader.cc(281)] could not read dos header from C:\WINDOWS\SYSTEM32\WS2_32.dll
[0913/114359:ERROR:process_reader_win.cc(233)] ReadMemory at 0x72240000 of 64 bytes failed: 仅完成部分的 ReadProcessMemory 或 WriteProcessMemory 请求。 (0x12B)
[0913/114359:WARNING:pe_image_reader.cc(281)] could not read dos header from C:\WINDOWS\SYSTEM32\USP10.dll
[0913/114359:ERROR:process_reader_win.cc(233)] ReadMemory at 0x77ae0000 of 64 bytes failed: 仅完成部分的 ReadProcessMemory 或 WriteProcessMemory 请求。 (0x12B)
[0913/114359:WARNING:pe_image_reader.cc(281)] could not read dos header from C:\WINDOWS\SYSTEM32\MSASN1.dll
[0913/114359:ERROR:process_reader_win.cc(233)] ReadMemory at 0x74960000 of 64 bytes failed: 仅完成部分的 ReadProcessMemory 或 WriteProcessMemory 请求。 (0x12B)
[0913/114359:WARNING:pe_image_reader.cc(281)] could not read dos header from C:\WINDOWS\SYSTEM32\CRYPT32.dll
[0913/114359:ERROR:process_reader_win.cc(233)] ReadMemory at 0x76220000 of 64 bytes failed: 仅完成部分的 ReadProcessMemory 或 WriteProcessMemory 请求。 (0x12B)
[0913/114359:WARNING:pe_image_reader.cc(281)] could not read dos header from C:\WINDOWS\SYSTEM32\WINTRUST.dll
[0913/114359:ERROR:process_reader_win.cc(233)] ReadMemory at 0x72260000 of 64 bytes failed: 仅完成部分的 ReadProcessMemory 或 WriteProcessMemory 请求。 (0x12B)
[0913/114359:WARNING:pe_image_reader.cc(281)] could not read dos header from C:\WINDOWS\SYSTEM32\Secur32.dll
[0913/114359:ERROR:process_reader_win.cc(233)] ReadMemory at 0x68110000 of 64 bytes failed: 仅完成部分的 ReadProcessMemory 或 WriteProcessMemory 请求。 (0x12B)
[0913/114359:WARNING:pe_image_reader.cc(281)] could not read dos header from C:\Program Files (x86)\Google\Chrome\Application\52.0.2743.116\chrome_child.dll
[0913/114359:ERROR:process_reader_win.cc(233)] ReadMemory at 0x6f6e0000 of 64 bytes failed: 仅完成部分的 ReadProcessMemory 或 WriteProcessMemory 请求。 (0x12B)
[0913/114359:WARNING:pe_image_reader.cc(281)] could not read dos header from C:\WINDOWS\SYSTEM32\dwrite.dll
[0913/114359:ERROR:process_reader_win.cc(233)] ReadMemory at 0x77c1ab80 of 5888 bytes failed: 仅完成部分的 ReadProcessMemory 或 WriteProcessMemory 请求。 (0x12B)
[0913/114359:ERROR:process_reader_win.cc(233)] ReadMemory at 0x80000 of 64 bytes failed: 仅完成部分的 ReadProcessMemory 或 WriteProcessMemory 请求。 (0x12B)
[0913/114359:WARNING:pe_image_reader.cc(281)] could not read dos header from C:\Program Files (x86)\Google\Chrome\Application\chrome.exe
[0913/114359:ERROR:process_reader_win.cc(233)] ReadMemory at 0x77b10000 of 64 bytes failed: 仅完成部分的 ReadProcessMemory 或 WriteProcessMemory 请求。 (0x12B)
[0913/114359:WARNING:pe_image_reader.cc(281)] could not read dos header from C:\WINDOWS\SYSTEM32\ntdll.dll
[0913/114359:ERROR:process_reader_win.cc(233)] ReadMemory at 0x76b10000 of 64 bytes failed: 仅完成部分的 ReadProcessMemory 或 WriteProcessMemory 请求。 (0x12B)
[0913/114359:WARNING:pe_image_reader.cc(281)] could not read dos header from C:\WINDOWS\SYSTEM32\KERNELBASE.dll
[0913/114359:ERROR:process_reader_win.cc(233)] ReadMemory at 0x76500000 of 64 bytes failed: 仅完成部分的 ReadProcessMemory 或 WriteProcessMemory 请求。 (0x12B)
[0913/114359:WARNING:pe_image_reader.cc(281)] could not read dos header from C:\WINDOWS\SYSTEM32\KERNEL32.DLL
[0913/114359:ERROR:process_reader_win.cc(233)] ReadMemory at 0x72e20000 of 64 bytes failed: 仅完成部分的 ReadProcessMemory 或 WriteProcessMemory 请求。 (0x12B)
[0913/114359:WARNING:pe_image_reader.cc(281)] could not read dos header from C:\WINDOWS\system32\apphelp.dll
[0913/114359:ERROR:process_reader_win.cc(233)] ReadMemory at 0x762e0000 of 64 bytes failed: 仅完成部分的 ReadProcessMemory 或 WriteProcessMemory 请求。 (0x12B)
[0913/114359:WARNING:pe_image_reader.cc(281)] could not read dos header from C:\WINDOWS\SYSTEM32\msvcrt.dll
[0913/114359:ERROR:process_reader_win.cc(233)] ReadMemory at 0x74ae0000 of 64 bytes failed: 仅完成部分的 ReadProcessMemory 或 WriteProcessMemory 请求。 (0x12B)
[0913/114359:WARNING:pe_image_reader.cc(281)] could not read dos header from C:\WINDOWS\SYSTEM32\bcryptPrimitives.dll
[0913/114359:ERROR:process_reader_win.cc(233)] ReadMemory at 0x74830000 of 64 bytes failed: 仅完成部分的 ReadProcessMemory 或 WriteProcessMemory 请求。 (0x12B)
[0913/114359:WARNING:pe_image_reader.cc(281)] could not read dos header from C:\WINDOWS\SYSTEM32\CRYPTBASE.dll
[0913/114359:ERROR:process_reader_win.cc(233)] ReadMemory at 0x74840000 of 64 bytes failed: 仅完成部分的 ReadProcessMemory 或 WriteProcessMemory 请求。 (0x12B)
[0913/114359:WARNING:pe_image_reader.cc(281)] could not read dos header from C:\WINDOWS\SYSTEM32\SspiCli.dll
[0913/114359:ERROR:process_reader_win.cc(233)] ReadMemory at 0x763f0000 of 64 bytes failed: 仅完成部分的 ReadProcessMemory 或 WriteProcessMemory 请求。 (0x12B)
[0913/114359:WARNING:pe_image_reader.cc(281)] could not read dos header from C:\WINDOWS\SYSTEM32\RPCRT4.dll
[0913/114359:ERROR:process_reader_win.cc(233)] ReadMemory at 0x76fc0000 of 64 bytes failed: 仅完成部分的 ReadProcessMemory 或 WriteProcessMemory 请求。 (0x12B)
[0913/114359:WARNING:pe_image_reader.cc(281)] could not read dos header from C:\WINDOWS\SYSTEM32\sechost.dll
[0913/114359:ERROR:process_reader_win.cc(233)] ReadMemory at 0x76730000 of 64 bytes failed: 仅完成部分的 ReadProcessMemory 或 WriteProcessMemory 请求。 (0x12B)
[0913/114359:WARNING:pe_image_reader.cc(281)] could not read dos header from C:\WINDOWS\SYSTEM32\ADVAPI32.dll
[0913/114359:ERROR:process_reader_win.cc(233)] ReadMemory at 0x6f950000 of 64 bytes failed: 仅完成部分的 ReadProcessMemory 或 WriteProcessMemory 请求。 (0x12B)
[0913/114359:WARNING:pe_image_reader.cc(281)] could not read dos header from C:\Program Files (x86)\Google\Chrome\Application\52.0.2743.116\chrome_elf.dll
[0913/114359:ERROR:process_reader_win.cc(233)] ReadMemory at 0x73f60000 of 64 bytes failed: 仅完成部分的 ReadProcessMemory 或 WriteProcessMemory 请求。 (0x12B)
[0913/114359:WARNING:pe_image_reader.cc(281)] could not read dos header from C:\WINDOWS\SYSTEM32\VERSION.dll
[0913/114359:ERROR:process_reader_win.cc(233)] ReadMemory at 0x74880000 of 64 bytes failed: 仅完成部分的 ReadProcessMemory 或 WriteProcessMemory 请求。 (0x12B)
[0913/114359:WARNING:pe_image_reader.cc(281)] could not read dos header from C:\WINDOWS\SYSTEM32\cfgmgr32.dll
[0913/114359:ERROR:process_reader_win.cc(233)] ReadMemory at 0x73a40000 of 64 bytes failed: 仅完成部分的 ReadProcessMemory 或 WriteProcessMemory 请求。 (0x12B)
[0913/114359:WARNING:pe_image_reader.cc(281)] could not read dos header from C:\WINDOWS\SYSTEM32\WINMMBASE.dll
[0913/114359:ERROR:process_reader_win.cc(233)] ReadMemory at 0x765e0000 of 64 bytes failed: 仅完成部分的 ReadProcessMemory 或 WriteProcessMemory 请求。 (0x12B)
[0913/114359:WARNING:pe_image_reader.cc(281)] could not read dos header from C:\WINDOWS\SYSTEM32\GDI32.dll
[0913/114359:ERROR:process_reader_win.cc(233)] ReadMemory at 0x769c0000 of 64 bytes failed: 仅完成部分的 ReadProcessMemory 或 WriteProcessMemory 请求。 (0x12B)
[0913/114359:WARNING:pe_image_reader.cc(281)] could not read dos header from C:\WINDOWS\SYSTEM32\USER32.dll
[0913/114359:ERROR:process_reader_win.cc(233)] ReadMemory at 0x76930000 of 64 bytes failed: 仅完成部分的 ReadProcessMemory 或 WriteProcessMemory 请求。 (0x12B)
[0913/114359:WARNING:pe_image_reader.cc(281)] could not read dos header from C:\WINDOWS\SYSTEM32\IMM32.DLL
[0913/114359:ERROR:process_reader_win.cc(233)] ReadMemory at 0x73dd0000 of 64 bytes failed: 仅完成部分的 ReadProcessMemory 或 WriteProcessMemory 请求。 (0x12B)
[0913/114359:WARNING:pe_image_reader.cc(281)] could not read dos header from C:\WINDOWS\SYSTEM32\WINMM.dll
[0913/114359:ERROR:process_reader_win.cc(233)] ReadMemory at 0x767b0000 of 64 bytes failed: 仅完成部分的 ReadProcessMemory 或 WriteProcessMemory 请求。 (0x12B)
[0913/114359:WARNING:pe_image_reader.cc(281)] could not read dos header from C:\WINDOWS\SYSTEM32\profapi.dll
[0913/114359:ERROR:process_reader_win.cc(233)] ReadMemory at 0x740d0000 of 64 bytes failed: 仅完成部分的 ReadProcessMemory 或 WriteProcessMemory 请求。 (0x12B)
[0913/114359:WARNING:pe_image_reader.cc(281)] could not read dos header from C:\WINDOWS\SYSTEM32\USERENV.dll
[0913/114359:ERROR:process_reader_win.cc(233)] ReadMemory at 0x740f0000 of 64 bytes failed: 仅完成部分的 ReadProcessMemory 或 WriteProcessMemory 请求。 (0x12B)
[0913/114359:WARNING:pe_image_reader.cc(281)] could not read dos header from C:\WINDOWS\SYSTEM32\WTSAPI32.dll
[0913/114359:ERROR:process_reader_win.cc(233)] ReadMemory at 0x72d70000 of 64 bytes failed: 仅完成部分的 ReadProcessMemory 或 WriteProcessMemory 请求。 (0x12B)
[0913/114359:WARNING:pe_image_reader.cc(281)] could not read dos header from C:\WINDOWS\SYSTEM32\WINHTTP.dll
[0913/114359:ERROR:process_reader_win.cc(233)] ReadMemory at 0x77510000 of 64 bytes failed: 仅完成部分的 ReadProcessMemory 或 WriteProcessMemory 请求。 (0x12B)
[0913/114359:WARNING:pe_image_reader.cc(281)] could not read dos header from C:\WINDOWS\SYSTEM32\combase.dll
[0913/114359:ERROR:process_reader_win.cc(233)] ReadMemory at 0x763a0000 of 64 bytes failed: 仅完成部分的 ReadProcessMemory 或 WriteProcessMemory 请求。 (0x12B)
[0913/114359:WARNING:pe_image_reader.cc(281)] could not read dos header from C:\WINDOWS\SYSTEM32\shlwapi.dll
[0913/114359:ERROR:process_reader_win.cc(233)] ReadMemory at 0x748c0000 of 64 bytes failed: 仅完成部分的 ReadProcessMemory 或 WriteProcessMemory 请求。 (0x12B)
[0913/114359:WARNING:pe_image_reader.cc(281)] could not read dos header from C:\WINDOWS\SYSTEM32\kernel.appcore.dll
[0913/114359:ERROR:process_reader_win.cc(233)] ReadMemory at 0x748d0000 of 64 bytes failed: 仅完成部分的 ReadProcessMemory 或 WriteProcessMemory 请求。 (0x12B)
[0913/114359:WARNING:pe_image_reader.cc(281)] could not read dos header from C:\WINDOWS\SYSTEM32\shcore.dll
[0913/114359:ERROR:process_reader_win.cc(233)] ReadMemory at 0x761d0000 of 64 bytes failed: 仅完成部分的 ReadProcessMemory 或 WriteProcessMemory 请求。 (0x12B)
[0913/114359:WARNING:pe_image_reader.cc(281)] could not read dos header from C:\WINDOWS\SYSTEM32\powrprof.dll
[0913/114359:ERROR:process_reader_win.cc(233)] ReadMemory at 0x77010000 of 64 bytes failed: 仅完成部分的 ReadProcessMemory 或 WriteProcessMemory 请求。 (0x12B)
[0913/114359:WARNING:pe_image_reader.cc(281)] could not read dos header from C:\WINDOWS\SYSTEM32\windows.storage.dll
[0913/114359:ERROR:process_reader_win.cc(233)] ReadMemory at 0x74dd0000 of 64 bytes failed: 仅完成部分的 ReadProcessMemory 或 WriteProcessMemory 请求。 (0x12B)
[0913/114359:WARNING:pe_image_reader.cc(281)] could not read dos header from C:\WINDOWS\SYSTEM32\SHELL32.dll
[0913/114359:ERROR:process_reader_win.cc(233)] ReadMemory at 0x76f50000 of 64 bytes failed: 仅完成部分的 ReadProcessMemory 或 WriteProcessMemory 请求。 (0x12B)
[0913/114359:WARNING:pe_image_reader.cc(281)] could not read dos header from C:\WINDOWS\SYSTEM32\PSAPI.DLL
[0913/114359:ERROR:process_reader_win.cc(233)] ReadMemory at 0x73990000 of 64 bytes failed: 仅完成部分的 ReadProcessMemory 或 WriteProcessMemory 请求。 (0x12B)
[0913/114359:WARNING:pe_image_reader.cc(281)] could not read dos header from C:\WINDOWS\SYSTEM32\bcrypt.dll
[0913/114359:ERROR:process_reader_win.cc(233)] ReadMemory at 0x6f4a0000 of 64 bytes failed: 仅完成部分的 ReadProcessMemory 或 WriteProcessMemory 请求。 (0x12B)
[0913/114359:WARNING:pe_image_reader.cc(281)] could not read dos header from C:\WINDOWS\SYSTEM32\WINSPOOL.DRV
[0913/114359:ERROR:process_reader_win.cc(233)] ReadMemory at 0x72f30000 of 64 bytes failed: 仅完成部分的 ReadProcessMemory 或 WriteProcessMemory 请求。 (0x12B)
[0913/114359:WARNING:pe_image_reader.cc(281)] could not read dos header from C:\WINDOWS\WinSxS\x86_microsoft.windows.common-controls_6595b64144ccf1df_6.0.10586.494_none_ea85e725b9ba5a4b\COMCTL32.dll
[0913/114359:ERROR:process_reader_win.cc(233)] ReadMemory at 0x764a0000 of 64 bytes failed: 仅完成部分的 ReadProcessMemory 或 WriteProcessMemory 请求。 (0x12B)
[0913/114359:WARNING:pe_image_reader.cc(281)] could not read dos header from C:\WINDOWS\SYSTEM32\FirewallAPI.dll
[0913/114359:ERROR:process_reader_win.cc(233)] ReadMemory at 0x73960000 of 64 bytes failed: 仅完成部分的 ReadProcessMemory 或 WriteProcessMemory 请求。 (0x12B)
[0913/114359:WARNING:pe_image_reader.cc(281)] could not read dos header from C:\WINDOWS\SYSTEM32\fwbase.dll
[0913/114359:ERROR:process_reader_win.cc(233)] ReadMemory at 0x77af0000 of 64 bytes failed: 仅完成部分的 ReadProcessMemory 或 WriteProcessMemory 请求。 (0x12B)
[0913/114359:WARNING:pe_image_reader.cc(281)] could not read dos header from C:\WINDOWS\SYSTEM32\NETAPI32.dll
[0913/114359:ERROR:process_reader_win.cc(233)] ReadMemory at 0x73a00000 of 64 bytes failed: 仅完成部分的 ReadProcessMemory 或 WriteProcessMemory 请求。 (0x12B)
[0913/114359:WARNING:pe_image_reader.cc(281)] could not read dos header from C:\WINDOWS\SYSTEM32\DAVHLPR.DLL
[0913/114359:ERROR:process_reader_win.cc(233)] ReadMemory at 0x74bd0000 of 64 bytes failed: 仅完成部分的 ReadProcessMemory 或 WriteProcessMemory 请求。 (0x12B)
[0913/114359:WARNING:pe_image_reader.cc(281)] could not read dos header from C:\WINDOWS\SYSTEM32\COMDLG32.dll
[0913/114359:ERROR:process_reader_win.cc(233)] ReadMemory at 0x76e60000 of 64 bytes failed: 仅完成部分的 ReadProcessMemory 或 WriteProcessMemory 请求。 (0x12B)
[0913/114359:WARNING:pe_image_reader.cc(281)] could not read dos header from C:\WINDOWS\SYSTEM32\ole32.dll
[0913/114359:ERROR:process_reader_win.cc(233)] ReadMemory at 0x76c90000 of 64 bytes failed: 仅完成部分的 ReadProcessMemory 或 WriteProcessMemory 请求。 (0x12B)
[0913/114359:WARNING:pe_image_reader.cc(281)] could not read dos header from C:\WINDOWS\SYSTEM32\OLEAUT32.dll
[0913/114359:ERROR:process_reader_win.cc(233)] ReadMemory at 0x73f30000 of 64 bytes failed: 仅完成部分的 ReadProcessMemory 或 WriteProcessMemory 请求。 (0x12B)
[0913/114359:WARNING:pe_image_reader.cc(281)] could not read dos header from C:\WINDOWS\SYSTEM32\IPHLPAPI.DLL
[0913/114359:ERROR:process_reader_win.cc(233)] ReadMemory at 0x76270000 of 64 bytes failed: 仅完成部分的 ReadProcessMemory 或 WriteProcessMemory 请求。 (0x12B)
[0913/114359:WARNING:pe_image_reader.cc(281)] could not read dos header from C:\WINDOWS\SYSTEM32\WS2_32.dll
[0913/114359:ERROR:process_reader_win.cc(233)] ReadMemory at 0x72240000 of 64 bytes failed: 仅完成部分的 ReadProcessMemory 或 WriteProcessMemory 请求。 (0x12B)
[0913/114359:WARNING:pe_image_reader.cc(281)] could not read dos header from C:\WINDOWS\SYSTEM32\USP10.dll
[0913/114359:ERROR:process_reader_win.cc(233)] ReadMemory at 0x77ae0000 of 64 bytes failed: 仅完成部分的 ReadProcessMemory 或 WriteProcessMemory 请求。 (0x12B)
[0913/114359:WARNING:pe_image_reader.cc(281)] could not read dos header from C:\WINDOWS\SYSTEM32\MSASN1.dll
[0913/114359:ERROR:process_reader_win.cc(233)] ReadMemory at 0x74960000 of 64 bytes failed: 仅完成部分的 ReadProcessMemory 或 WriteProcessMemory 请求。 (0x12B)
[0913/114359:WARNING:pe_image_reader.cc(281)] could not read dos header from C:\WINDOWS\SYSTEM32\CRYPT32.dll
[0913/114359:ERROR:process_reader_win.cc(233)] ReadMemory at 0x76220000 of 64 bytes failed: 仅完成部分的 ReadProcessMemory 或 WriteProcessMemory 请求。 (0x12B)
[0913/114359:WARNING:pe_image_reader.cc(281)] could not read dos header from C:\WINDOWS\SYSTEM32\WINTRUST.dll
[0913/114359:ERROR:process_reader_win.cc(233)] ReadMemory at 0x72260000 of 64 bytes failed: 仅完成部分的 ReadProcessMemory 或 WriteProcessMemory 请求。 (0x12B)
[0913/114359:WARNING:pe_image_reader.cc(281)] could not read dos header from C:\WINDOWS\SYSTEM32\Secur32.dll
[0913/114359:ERROR:process_reader_win.cc(233)] ReadMemory at 0x68110000 of 64 bytes failed: 仅完成部分的 ReadProcessMemory 或 WriteProcessMemory 请求。 (0x12B)
[0913/114359:WARNING:pe_image_reader.cc(281)] could not read dos header from C:\Program Files (x86)\Google\Chrome\Application\52.0.2743.116\chrome_child.dll
[0913/114359:ERROR:process_reader_win.cc(233)] ReadMemory at 0x6f6e0000 of 64 bytes failed: 仅完成部分的 ReadProcessMemory 或 WriteProcessMemory 请求。 (0x12B)
[0913/114359:WARNING:pe_image_reader.cc(281)] could not read dos header from C:\WINDOWS\SYSTEM32\dwrite.dll
[0913/114359:ERROR:process_reader_win.cc(99)] process 1860 not found
[0913/114359:ERROR:process_reader_win.cc(233)] ReadMemory at 0x80000 of 64 bytes failed: 仅完成部分的 ReadProcessMemory 或 WriteProcessMemory 请求。 (0x12B)
[0913/114359:WARNING:pe_image_reader.cc(281)] could not read dos header from C:\Program Files (x86)\Google\Chrome\Application\chrome.exe
[0913/114359:ERROR:process_reader_win.cc(233)] ReadMemory at 0x77b10000 of 64 bytes failed: 仅完成部分的 ReadProcessMemory 或 WriteProcessMemory 请求。 (0x12B)
[0913/114359:WARNING:pe_image_reader.cc(281)] could not read dos header from C:\WINDOWS\SYSTEM32\ntdll.dll
[0913/114359:ERROR:process_reader_win.cc(233)] ReadMemory at 0x76b10000 of 64 bytes failed: 仅完成部分的 ReadProcessMemory 或 WriteProcessMemory 请求。 (0x12B)
[0913/114359:WARNING:pe_image_reader.cc(281)] could not read dos header from C:\WINDOWS\SYSTEM32\KERNELBASE.dll
[0913/114359:ERROR:process_reader_win.cc(233)] ReadMemory at 0x76500000 of 64 bytes failed: 仅完成部分的 ReadProcessMemory 或 WriteProcessMemory 请求。 (0x12B)
[0913/114359:WARNING:pe_image_reader.cc(281)] could not read dos header from C:\WINDOWS\SYSTEM32\KERNEL32.DLL
[0913/114359:ERROR:process_reader_win.cc(233)] ReadMemory at 0x72e20000 of 64 bytes failed: 仅完成部分的 ReadProcessMemory 或 WriteProcessMemory 请求。 (0x12B)
[0913/114359:WARNING:pe_image_reader.cc(281)] could not read dos header from C:\WINDOWS\system32\apphelp.dll
[0913/114359:ERROR:process_reader_win.cc(233)] ReadMemory at 0x762e0000 of 64 bytes failed: 仅完成部分的 ReadProcessMemory 或 WriteProcessMemory 请求。 (0x12B)
[0913/114359:WARNING:pe_image_reader.cc(281)] could not read dos header from C:\WINDOWS\SYSTEM32\msvcrt.dll
[0913/114359:ERROR:process_reader_win.cc(233)] ReadMemory at 0x74ae0000 of 64 bytes failed: 仅完成部分的 ReadProcessMemory 或 WriteProcessMemory 请求。 (0x12B)
[0913/114359:WARNING:pe_image_reader.cc(281)] could not read dos header from C:\WINDOWS\SYSTEM32\bcryptPrimitives.dll
[0913/114359:ERROR:process_reader_win.cc(233)] ReadMemory at 0x74830000 of 64 bytes failed: 仅完成部分的 ReadProcessMemory 或 WriteProcessMemory 请求。 (0x12B)
[0913/114359:WARNING:pe_image_reader.cc(281)] could not read dos header from C:\WINDOWS\SYSTEM32\CRYPTBASE.dll
[0913/114359:ERROR:process_reader_win.cc(233)] ReadMemory at 0x74840000 of 64 bytes failed: 仅完成部分的 ReadProcessMemory 或 WriteProcessMemory 请求。 (0x12B)
[0913/114359:WARNING:pe_image_reader.cc(281)] could not read dos header from C:\WINDOWS\SYSTEM32\SspiCli.dll
[0913/114359:ERROR:process_reader_win.cc(233)] ReadMemory at 0x763f0000 of 64 bytes failed: 仅完成部分的 ReadProcessMemory 或 WriteProcessMemory 请求。 (0x12B)
[0913/114359:WARNING:pe_image_reader.cc(281)] could not read dos header from C:\WINDOWS\SYSTEM32\RPCRT4.dll
[0913/114359:ERROR:process_reader_win.cc(233)] ReadMemory at 0x76fc0000 of 64 bytes failed: 仅完成部分的 ReadProcessMemory 或 WriteProcessMemory 请求。 (0x12B)
[0913/114359:WARNING:pe_image_reader.cc(281)] could not read dos header from C:\WINDOWS\SYSTEM32\sechost.dll
[0913/114359:ERROR:process_reader_win.cc(233)] ReadMemory at 0x76730000 of 64 bytes failed: 仅完成部分的 ReadProcessMemory 或 WriteProcessMemory 请求。 (0x12B)
[0913/114359:WARNING:pe_image_reader.cc(281)] could not read dos header from C:\WINDOWS\SYSTEM32\ADVAPI32.dll
[0913/114359:ERROR:process_reader_win.cc(233)] ReadMemory at 0x6f950000 of 64 bytes failed: 仅完成部分的 ReadProcessMemory 或 WriteProcessMemory 请求。 (0x12B)
[0913/114359:WARNING:pe_image_reader.cc(281)] could not read dos header from C:\Program Files (x86)\Google\Chrome\Application\52.0.2743.116\chrome_elf.dll
[0913/114359:ERROR:process_reader_win.cc(233)] ReadMemory at 0x73f60000 of 64 bytes failed: 仅完成部分的 ReadProcessMemory 或 WriteProcessMemory 请求。 (0x12B)
[0913/114359:WARNING:pe_image_reader.cc(281)] could not read dos header from C:\WINDOWS\SYSTEM32\VERSION.dll
[0913/114359:ERROR:process_reader_win.cc(233)] ReadMemory at 0x74880000 of 64 bytes failed: 仅完成部分的 ReadProcessMemory 或 WriteProcessMemory 请求。 (0x12B)
[0913/114359:WARNING:pe_image_reader.cc(281)] could not read dos header from C:\WINDOWS\SYSTEM32\cfgmgr32.dll
[0913/114359:ERROR:process_reader_win.cc(233)] ReadMemory at 0x73a40000 of 64 bytes failed: 仅完成部分的 ReadProcessMemory 或 WriteProcessMemory 请求。 (0x12B)
[0913/114359:WARNING:pe_image_reader.cc(281)] could not read dos header from C:\WINDOWS\SYSTEM32\WINMMBASE.dll
[0913/114359:ERROR:process_reader_win.cc(233)] ReadMemory at 0x765e0000 of 64 bytes failed: 仅完成部分的 ReadProcessMemory 或 WriteProcessMemory 请求。 (0x12B)
[0913/114359:WARNING:pe_image_reader.cc(281)] could not read dos header from C:\WINDOWS\SYSTEM32\GDI32.dll
[0913/114359:ERROR:process_reader_win.cc(233)] ReadMemory at 0x769c0000 of 64 bytes failed: 仅完成部分的 ReadProcessMemory 或 WriteProcessMemory 请求。 (0x12B)
[0913/114359:WARNING:pe_image_reader.cc(281)] could not read dos header from C:\WINDOWS\SYSTEM32\USER32.dll
[0913/114359:ERROR:process_reader_win.cc(233)] ReadMemory at 0x76930000 of 64 bytes failed: 仅完成部分的 ReadProcessMemory 或 WriteProcessMemory 请求。 (0x12B)
[0913/114359:WARNING:pe_image_reader.cc(281)] could not read dos header from C:\WINDOWS\SYSTEM32\IMM32.DLL
[0913/114359:ERROR:process_reader_win.cc(233)] ReadMemory at 0x73dd0000 of 64 bytes failed: 仅完成部分的 ReadProcessMemory 或 WriteProcessMemory 请求。 (0x12B)
[0913/114359:WARNING:pe_image_reader.cc(281)] could not read dos header from C:\WINDOWS\SYSTEM32\WINMM.dll
[0913/114359:ERROR:process_reader_win.cc(233)] ReadMemory at 0x767b0000 of 64 bytes failed: 仅完成部分的 ReadProcessMemory 或 WriteProcessMemory 请求。 (0x12B)
[0913/114359:WARNING:pe_image_reader.cc(281)] could not read dos header from C:\WINDOWS\SYSTEM32\profapi.dll
[0913/114359:ERROR:process_reader_win.cc(233)] ReadMemory at 0x740d0000 of 64 bytes failed: 仅完成部分的 ReadProcessMemory 或 WriteProcessMemory 请求。 (0x12B)
[0913/114359:WARNING:pe_image_reader.cc(281)] could not read dos header from C:\WINDOWS\SYSTEM32\USERENV.dll
[0913/114359:ERROR:process_reader_win.cc(233)] ReadMemory at 0x740f0000 of 64 bytes failed: 仅完成部分的 ReadProcessMemory 或 WriteProcessMemory 请求。 (0x12B)
[0913/114359:WARNING:pe_image_reader.cc(281)] could not read dos header from C:\WINDOWS\SYSTEM32\WTSAPI32.dll
[0913/114359:ERROR:process_reader_win.cc(233)] ReadMemory at 0x72d70000 of 64 bytes failed: 仅完成部分的 ReadProcessMemory 或 WriteProcessMemory 请求。 (0x12B)
[0913/114359:WARNING:pe_image_reader.cc(281)] could not read dos header from C:\WINDOWS\SYSTEM32\WINHTTP.dll
[0913/114359:ERROR:process_reader_win.cc(233)] ReadMemory at 0x77510000 of 64 bytes failed: 仅完成部分的 ReadProcessMemory 或 WriteProcessMemory 请求。 (0x12B)
[0913/114359:WARNING:pe_image_reader.cc(281)] could not read dos header from C:\WINDOWS\SYSTEM32\combase.dll
[0913/114359:ERROR:process_reader_win.cc(233)] ReadMemory at 0x763a0000 of 64 bytes failed: 仅完成部分的 ReadProcessMemory 或 WriteProcessMemory 请求。 (0x12B)
[0913/114359:WARNING:pe_image_reader.cc(281)] could not read dos header from C:\WINDOWS\SYSTEM32\shlwapi.dll
[0913/114359:ERROR:process_reader_win.cc(233)] ReadMemory at 0x748c0000 of 64 bytes failed: 仅完成部分的 ReadProcessMemory 或 WriteProcessMemory 请求。 (0x12B)
[0913/114359:WARNING:pe_image_reader.cc(281)] could not read dos header from C:\WINDOWS\SYSTEM32\kernel.appcore.dll
[0913/114359:ERROR:process_reader_win.cc(233)] ReadMemory at 0x748d0000 of 64 bytes failed: 仅完成部分的 ReadProcessMemory 或 WriteProcessMemory 请求。 (0x12B)
[0913/114359:WARNING:pe_image_reader.cc(281)] could not read dos header from C:\WINDOWS\SYSTEM32\shcore.dll
[0913/114359:ERROR:process_reader_win.cc(233)] ReadMemory at 0x761d0000 of 64 bytes failed: 仅完成部分的 ReadProcessMemory 或 WriteProcessMemory 请求。 (0x12B)
[0913/114359:WARNING:pe_image_reader.cc(281)] could not read dos header from C:\WINDOWS\SYSTEM32\powrprof.dll
[0913/114359:ERROR:process_reader_win.cc(233)] ReadMemory at 0x77010000 of 64 bytes failed: 仅完成部分的 ReadProcessMemory 或 WriteProcessMemory 请求。 (0x12B)
[0913/114359:WARNING:pe_image_reader.cc(281)] could not read dos header from C:\WINDOWS\SYSTEM32\windows.storage.dll
[0913/114359:ERROR:process_reader_win.cc(233)] ReadMemory at 0x74dd0000 of 64 bytes failed: 仅完成部分的 ReadProcessMemory 或 WriteProcessMemory 请求。 (0x12B)
[0913/114359:WARNING:pe_image_reader.cc(281)] could not read dos header from C:\WINDOWS\SYSTEM32\SHELL32.dll
[0913/114359:ERROR:process_reader_win.cc(233)] ReadMemory at 0x76f50000 of 64 bytes failed: 仅完成部分的 ReadProcessMemory 或 WriteProcessMemory 请求。 (0x12B)
[0913/114359:WARNING:pe_image_reader.cc(281)] could not read dos header from C:\WINDOWS\SYSTEM32\PSAPI.DLL
[0913/114359:ERROR:process_reader_win.cc(233)] ReadMemory at 0x73990000 of 64 bytes failed: 仅完成部分的 ReadProcessMemory 或 WriteProcessMemory 请求。 (0x12B)
[0913/114359:WARNING:pe_image_reader.cc(281)] could not read dos header from C:\WINDOWS\SYSTEM32\bcrypt.dll
[0913/114359:ERROR:process_reader_win.cc(233)] ReadMemory at 0x6f4a0000 of 64 bytes failed: 仅完成部分的 ReadProcessMemory 或 WriteProcessMemory 请求。 (0x12B)
[0913/114359:WARNING:pe_image_reader.cc(281)] could not read dos header from C:\WINDOWS\SYSTEM32\WINSPOOL.DRV
[0913/114359:ERROR:process_reader_win.cc(233)] ReadMemory at 0x72f30000 of 64 bytes failed: 仅完成部分的 ReadProcessMemory 或 WriteProcessMemory 请求。 (0x12B)
[0913/114359:WARNING:pe_image_reader.cc(281)] could not read dos header from C:\WINDOWS\WinSxS\x86_microsoft.windows.common-controls_6595b64144ccf1df_6.0.10586.494_none_ea85e725b9ba5a4b\COMCTL32.dll
[0913/114359:ERROR:process_reader_win.cc(233)] ReadMemory at 0x764a0000 of 64 bytes failed: 仅完成部分的 ReadProcessMemory 或 WriteProcessMemory 请求。 (0x12B)
[0913/114359:WARNING:pe_image_reader.cc(281)] could not read dos header from C:\WINDOWS\SYSTEM32\FirewallAPI.dll
[0913/114359:ERROR:process_reader_win.cc(233)] ReadMemory at 0x73960000 of 64 bytes failed: 仅完成部分的 ReadProcessMemory 或 WriteProcessMemory 请求。 (0x12B)
[0913/114359:WARNING:pe_image_reader.cc(281)] could not read dos header from C:\WINDOWS\SYSTEM32\fwbase.dll
[0913/114359:ERROR:process_reader_win.cc(233)] ReadMemory at 0x77af0000 of 64 bytes failed: 仅完成部分的 ReadProcessMemory 或 WriteProcessMemory 请求。 (0x12B)
[0913/114359:WARNING:pe_image_reader.cc(281)] could not read dos header from C:\WINDOWS\SYSTEM32\NETAPI32.dll
[0913/114359:ERROR:process_reader_win.cc(233)] ReadMemory at 0x73a00000 of 64 bytes failed: 仅完成部分的 ReadProcessMemory 或 WriteProcessMemory 请求。 (0x12B)
[0913/114359:WARNING:pe_image_reader.cc(281)] could not read dos header from C:\WINDOWS\SYSTEM32\DAVHLPR.DLL
[0913/114359:ERROR:process_reader_win.cc(233)] ReadMemory at 0x74bd0000 of 64 bytes failed: 仅完成部分的 ReadProcessMemory 或 WriteProcessMemory 请求。 (0x12B)
[0913/114359:WARNING:pe_image_reader.cc(281)] could not read dos header from C:\WINDOWS\SYSTEM32\COMDLG32.dll
[0913/114359:ERROR:process_reader_win.cc(233)] ReadMemory at 0x76e60000 of 64 bytes failed: 仅完成部分的 ReadProcessMemory 或 WriteProcessMemory 请求。 (0x12B)
[0913/114359:WARNING:pe_image_reader.cc(281)] could not read dos header from C:\WINDOWS\SYSTEM32\ole32.dll
[0913/114359:ERROR:process_reader_win.cc(233)] ReadMemory at 0x76c90000 of 64 bytes failed: 仅完成部分的 ReadProcessMemory 或 WriteProcessMemory 请求。 (0x12B)
[0913/114359:WARNING:pe_image_reader.cc(281)] could not read dos header from C:\WINDOWS\SYSTEM32\OLEAUT32.dll
[0913/114359:ERROR:process_reader_win.cc(233)] ReadMemory at 0x73f30000 of 64 bytes failed: 仅完成部分的 ReadProcessMemory 或 WriteProcessMemory 请求。 (0x12B)
[0913/114359:WARNING:pe_image_reader.cc(281)] could not read dos header from C:\WINDOWS\SYSTEM32\IPHLPAPI.DLL
[0913/114359:ERROR:process_reader_win.cc(233)] ReadMemory at 0x76270000 of 64 bytes failed: 仅完成部分的 ReadProcessMemory 或 WriteProcessMemory 请求。 (0x12B)
[0913/114359:WARNING:pe_image_reader.cc(281)] could not read dos header from C:\WINDOWS\SYSTEM32\WS2_32.dll
[0913/114359:ERROR:process_reader_win.cc(233)] ReadMemory at 0x72240000 of 64 bytes failed: 仅完成部分的 ReadProcessMemory 或 WriteProcessMemory 请求。 (0x12B)
[0913/114359:WARNING:pe_image_reader.cc(281)] could not read dos header from C:\WINDOWS\SYSTEM32\USP10.dll
[0913/114359:ERROR:process_reader_win.cc(233)] ReadMemory at 0x77ae0000 of 64 bytes failed: 仅完成部分的 ReadProcessMemory 或 WriteProcessMemory 请求。 (0x12B)
[0913/114359:WARNING:pe_image_reader.cc(281)] could not read dos header from C:\WINDOWS\SYSTEM32\MSASN1.dll
[0913/114359:ERROR:process_reader_win.cc(233)] ReadMemory at 0x74960000 of 64 bytes failed: 仅完成部分的 ReadProcessMemory 或 WriteProcessMemory 请求。 (0x12B)
[0913/114359:WARNING:pe_image_reader.cc(281)] could not read dos header from C:\WINDOWS\SYSTEM32\CRYPT32.dll
[0913/114359:ERROR:process_reader_win.cc(233)] ReadMemory at 0x76220000 of 64 bytes failed: 仅完成部分的 ReadProcessMemory 或 WriteProcessMemory 请求。 (0x12B)
[0913/114359:WARNING:pe_image_reader.cc(281)] could not read dos header from C:\WINDOWS\SYSTEM32\WINTRUST.dll
[0913/114359:ERROR:process_reader_win.cc(233)] ReadMemory at 0x72260000 of 64 bytes failed: 仅完成部分的 ReadProcessMemory 或 WriteProcessMemory 请求。 (0x12B)
[0913/114359:WARNING:pe_image_reader.cc(281)] could not read dos header from C:\WINDOWS\SYSTEM32\Secur32.dll
[0913/114359:ERROR:process_reader_win.cc(233)] ReadMemory at 0x68110000 of 64 bytes failed: 仅完成部分的 ReadProcessMemory 或 WriteProcessMemory 请求。 (0x12B)
[0913/114359:WARNING:pe_image_reader.cc(281)] could not read dos header from C:\Program Files (x86)\Google\Chrome\Application\52.0.2743.116\chrome_child.dll
[0913/114359:ERROR:process_reader_win.cc(233)] ReadMemory at 0x6f6e0000 of 64 bytes failed: 仅完成部分的 ReadProcessMemory 或 WriteProcessMemory 请求。 (0x12B)
[0913/114359:WARNING:pe_image_reader.cc(281)] could not read dos header from C:\WINDOWS\SYSTEM32\dwrite.dll
[0913/114359:ERROR:process_reader_win.cc(233)] ReadMemory at 0x13fbb4 of 12 bytes failed: 仅完成部分的 ReadProcessMemory 或 WriteProcessMemory 请求。 (0x12B)
[0913/114359:WARNING:process_snapshot_win.cc(104)] ReadMemory ExceptionInformation failed
[0913/114359:WARNING:crash_report_exception_handler.cc(60)] ProcessSnapshotWin::InitializeException failed
[0913/114359:ERROR:scoped_process_suspend.cc(38)] NtResumeProcess, ntstatus=-1073741558
